<?xml version="1.0" encoding="UTF-8"?>
<!-- Generated by org.testng.reporters.JUnitReportReporter -->
<testsuite hostname="EricsLaptop" failures="0" tests="4" name="restAssuredDemo.HTTPResquests" time="4.577" errors="0" timestamp="2024-01-02T15:08:54 CST" skipped="0">
  <testcase classname="restAssuredDemo.HTTPResquests" name="getUsers" time="3.168"/>
  <system-out/>
  <testcase classname="restAssuredDemo.HTTPResquests" name="createUser" time="0.655"/>
  <system-out/>
  <testcase classname="restAssuredDemo.HTTPResquests" name="updateUser" time="0.396"/>
  <system-out/>
  <testcase classname="restAssuredDemo.HTTPResquests" name="deleteUser" time="0.358"/>
  <system-out/>
</testsuite> <!-- restAssuredDemo.HTTPResquests -->
